<?xml version="1.0" encoding="UTF-8"?>
<!-- Generated by org.testng.reporters.JUnitReportReporter -->
<testsuite hostname="MWDH-Work2" failures="0" tests="1" name="Ass5WebElement.chromWebDriver" time="16.369" errors="0" timestamp="2022-07-24T02:22:34 AST" skipped="0">
  <testcase classname="Ass5WebElement.chromWebDriver" name="chrom" time="16.369"/>
  <system-out/>
</testsuite> <!-- Ass5WebElement.chromWebDriver -->
